
Copyright (C) 1994-2018 Synopsys, Inc.
This Synopsys software and all associated documentation are proprietary to Synopsys, Inc.
and may only be used pursuant to the terms and conditions of a written license agreement
with Synopsys, Inc. All other use, reproduction, modification, or distribution of the
Synopsys software or the associated documentation is strictly prohibited.
Tool: Synplify Pro (R)
Build: N-2018.03L-SP1-1
Install: C:\lscc\diamond\3.11_x64\synpbase
OS: Windows 6.2

Hostname: DESKTOP-93B4SA6

Implementation : impl1

# Written on Fri Sep  4 14:26:41 2020

##### DESIGN INFO #######################################################

Top View:                "top"
Constraint File(s):      (none)




##### SUMMARY ############################################################

Found 0 issues in 0 out of 0 constraints


##### DETAILS ############################################################



Clock Relationships
*******************

Starting                       Ending                         |     rise to rise     |     fall to fall     |     rise to fall     |     fall to rise                     
-------------------------------------------------------------------------------------------------------------------------------------------------------------------------
top|clk_inferred_clock         top|clk_inferred_clock         |     5.000            |     No paths         |     No paths         |     No paths                         
top|baud_clk_derived_clock     top|clk_inferred_clock         |     5.000            |     No paths         |     No paths         |     No paths                         
top|baud_clk_derived_clock     top|baud_clk_derived_clock     |     5.000            |     No paths         |     No paths         |     No paths                         
=========================================================================================================================================================================
 Note: 'No paths' indicates there are no paths in the design for that pair of clock edges.
       'Diff grp' indicates that paths exist but the starting clock and ending clock are in different clock groups.


Unconstrained Start/End Points
******************************

p:LED[0]
p:LED[1]
p:LED[2]
p:LED[3]
p:LED[4]
p:LED[5]
p:LED[6]
p:LED[7]
p:clk12M
p:rstn
p:rxd
p:selectClock
p:txd


Inapplicable constraints
************************

(none)


Applicable constraints with issues
**********************************

(none)


Constraints with matching wildcard expressions
**********************************************

(none)


Library Report
**************


# End of Constraint Checker Report
